$ next dev --turbopack
   ▲ Next.js 15.5.6 (Turbopack)
   - Local:        http://localhost:3000
   - Network:      http://169.254.0.21:3000

 ✓ Starting...
Attention: Next.js now collects completely anonymous telemetry regarding usage.
This information is used to shape Next.js' roadmap and prioritize features.
You can learn more, including how to opt-out if you'd not like to participate in this anonymous program, by visiting the following URL:
https://nextjs.org/telemetry

 ✓ Ready in 1587ms
 ○ Compiling / ...
 ✓ Compiled / in 5.1s
 ⚠ metadataBase property in metadata export is not set for resolving social open graph or twitter images, using "http://localhost:3000". See https://nextjs.org/docs/app/api-reference/functions/generate-metadata#metadatabase
 GET / 200 in 6080ms
 GET / 200 in 2327ms
 ⚠ Cross origin request detected from salih-portfolio.lindy.site to /_next/* resource. In a future major version of Next.js, you will need to explicitly configure "allowedDevOrigins" in next.config to allow this.
Read more: https://nextjs.org/docs/app/api-reference/config/next-config-js/allowedDevOrigins
 ○ Compiling /favicon.ico ...
 ✓ Compiled /favicon.ico in 545ms
 GET /favicon.ico 200 in 879ms
 GET / 200 in 245ms
 GET /favicon.ico 200 in 268ms
 ✓ Compiled in 272ms
 ⚠ metadataBase property in metadata export is not set for resolving social open graph or twitter images, using "http://localhost:3000". See https://nextjs.org/docs/app/api-reference/functions/generate-metadata#metadatabase
 GET / 200 in 417ms
 GET / 200 in 274ms
 ✓ Compiled in 362ms
 ⚠ metadataBase property in metadata export is not set for resolving social open graph or twitter images, using "http://localhost:3000". See https://nextjs.org/docs/app/api-reference/functions/generate-metadata#metadatabase
 GET / 200 in 404ms
 GET /favicon.ico 200 in 273ms
 GET / 200 in 223ms
 GET /favicon.ico 200 in 263ms
 GET / 200 in 237ms
 GET /favicon.ico 200 in 258ms
 GET / 200 in 199ms
 GET /favicon.ico 200 in 262ms
 GET / 200 in 288ms
 GET / 200 in 231ms
 GET /favicon.ico 200 in 260ms
 GET /favicon.ico?favicon.bf3c9292.ico 200 in 260ms
 GET /favicon.ico 200 in 276ms
 GET /favicon.ico 200 in 257ms
 ✓ Compiled in 335ms
 ⚠ Fast Refresh had to perform a full reload due to a runtime error.
 ⨯ The requested resource "/images/hero-photo.png" has type "image/svg+xml" but dangerouslyAllowSVG is disabled. Consider adding the "unoptimized" property to the <Image>.
 ✓ Compiled in 54ms
 ⨯ The requested resource "/images/hero-photo.png" has type "image/svg+xml" but dangerouslyAllowSVG is disabled. Consider adding the "unoptimized" property to the <Image>.
 ⚠ metadataBase property in metadata export is not set for resolving social open graph or twitter images, using "http://localhost:3000". See https://nextjs.org/docs/app/api-reference/functions/generate-metadata#metadatabase
 GET / 200 in 626ms
 GET /favicon.ico?favicon.bf3c9292.ico 200 in 293ms
 GET /favicon.ico 200 in 292ms
 ⨯ The requested resource "/images/hero-photo.png" has type "image/svg+xml" but dangerouslyAllowSVG is disabled. Consider adding the "unoptimized" property to the <Image>.
 GET /favicon.ico?favicon.bf3c9292.ico 200 in 262ms
 GET /favicon.ico 200 in 259ms
 ✓ Compiled in 132ms
 ⚠ metadataBase property in metadata export is not set for resolving social open graph or twitter images, using "http://localhost:3000". See https://nextjs.org/docs/app/api-reference/functions/generate-metadata#metadatabase
 GET / 200 in 575ms
